
[2024-05-14T23:42:33.067875+02:00] Two.ERROR: ReflectionException: Class "Two\Foundation\Application" does not exist in E:\npds-php8sql8-factoring-main__kkkk\New_Two_Npds\two-app-main (2)\two-app-main\vendor\nicolas2dev\two-framework\src\Container\Container.php:634
Stack trace:
#0 E:\npds-php8sql8-factoring-main__kkkk\New_Two_Npds\two-app-main (2)\two-app-main\vendor\nicolas2dev\two-framework\src\Container\Container.php(634): ReflectionClass->__construct('Two\\Foundation\\...')
#1 E:\npds-php8sql8-factoring-main__kkkk\New_Two_Npds\two-app-main (2)\two-app-main\vendor\nicolas2dev\two-framework\src\Container\Container.php(564): Two\Container\Container->build('Two\\Foundation\\...', Array)
#2 E:\npds-php8sql8-factoring-main__kkkk\New_Two_Npds\two-app-main (2)\two-app-main\vendor\nicolas2dev\two-framework\src\TwoApplication\TwoApplication.php(462): Two\Container\Container->make('Two\\Foundation\\...', Array)
#3 E:\npds-php8sql8-factoring-main__kkkk\New_Two_Npds\two-app-main (2)\two-app-main\vendor\nicolas2dev\two-framework\src\Container\Container.php(730): Two\TwoApplication\TwoApplication->make('Two\\Foundation\\...')
#4 E:\npds-php8sql8-factoring-main__kkkk\New_Two_Npds\two-app-main (2)\two-app-main\vendor\nicolas2dev\two-framework\src\Container\Container.php(693): Two\Container\Container->resolveClass(Object(ReflectionParameter))
#5 E:\npds-php8sql8-factoring-main__kkkk\New_Two_Npds\two-app-main (2)\two-app-main\vendor\nicolas2dev\two-framework\src\Container\Container.php(663): Two\Container\Container->getDependencies(Array, Array)
#6 E:\npds-php8sql8-factoring-main__kkkk\New_Two_Npds\two-app-main (2)\two-app-main\vendor\nicolas2dev\two-framework\src\Container\Container.php(564): Two\Container\Container->build('App\\Middleware\\...', Array)
#7 E:\npds-php8sql8-factoring-main__kkkk\New_Two_Npds\two-app-main (2)\two-app-main\vendor\nicolas2dev\two-framework\src\TwoApplication\TwoApplication.php(462): Two\Container\Container->make('App\\Middleware\\...', Array)
#8 E:\npds-php8sql8-factoring-main__kkkk\New_Two_Npds\two-app-main (2)\two-app-main\vendor\nicolas2dev\two-framework\src\TwoApplication\Pipeline.php(127): Two\TwoApplication\TwoApplication->make('App\\Middleware\\...')
#9 E:\npds-php8sql8-factoring-main__kkkk\New_Two_Npds\two-app-main (2)\two-app-main\vendor\nicolas2dev\two-framework\src\Routing\Pipeline.php(52): Two\TwoApplication\Pipeline->call('App\\Middleware\\...', Object(Two\Http\Request), Object(Closure))
#10 E:\npds-php8sql8-factoring-main__kkkk\New_Two_Npds\two-app-main (2)\two-app-main\vendor\nicolas2dev\two-framework\src\View\Middleware\ShareErrorsFromSession.php(45): Two\Routing\Pipeline->Two\Routing\{closure}(Object(Two\Http\Request))
#11 [internal function]: Two\View\Middleware\ShareErrorsFromSession->handle(Object(Two\Http\Request), Object(Closure))
#12 E:\npds-php8sql8-factoring-main__kkkk\New_Two_Npds\two-app-main (2)\two-app-main\vendor\nicolas2dev\two-framework\src\TwoApplication\Pipeline.php(135): call_user_func_array(Array, Array)
#13 E:\npds-php8sql8-factoring-main__kkkk\New_Two_Npds\two-app-main (2)\two-app-main\vendor\nicolas2dev\two-framework\src\Routing\Pipeline.php(52): Two\TwoApplication\Pipeline->call(Object(Two\View\Middleware\ShareErrorsFromSession), Object(Two\Http\Request), Object(Closure))
#14 E:\npds-php8sql8-factoring-main__kkkk\New_Two_Npds\two-app-main (2)\two-app-main\vendor\nicolas2dev\two-framework\src\Localization\Middleware\SetupLanguage.php(46): Two\Routing\Pipeline->Two\Routing\{closure}(Object(Two\Http\Request))
#15 [internal function]: Two\Localization\Middleware\SetupLanguage->handle(Object(Two\Http\Request), Object(Closure))
#16 E:\npds-php8sql8-factoring-main__kkkk\New_Two_Npds\two-app-main (2)\two-app-main\vendor\nicolas2dev\two-framework\src\TwoApplication\Pipeline.php(135): call_user_func_array(Array, Array)
#17 E:\npds-php8sql8-factoring-main__kkkk\New_Two_Npds\two-app-main (2)\two-app-main\vendor\nicolas2dev\two-framework\src\Routing\Pipeline.php(52): Two\TwoApplication\Pipeline->call(Object(Two\Localization\Middleware\SetupLanguage), Object(Two\Http\Request), Object(Closure))
#18 E:\npds-php8sql8-factoring-main__kkkk\New_Two_Npds\two-app-main (2)\two-app-main\vendor\nicolas2dev\two-framework\src\Session\Middleware\StartSession.php(68): Two\Routing\Pipeline->Two\Routing\{closure}(Object(Two\Http\Request))
#19 [internal function]: Two\Session\Middleware\StartSession->handle(Object(Two\Http\Request), Object(Closure))
#20 E:\npds-php8sql8-factoring-main__kkkk\New_Two_Npds\two-app-main (2)\two-app-main\vendor\nicolas2dev\two-framework\src\TwoApplication\Pipeline.php(135): call_user_func_array(Array, Array)
#21 E:\npds-php8sql8-factoring-main__kkkk\New_Two_Npds\two-app-main (2)\two-app-main\vendor\nicolas2dev\two-framework\src\Routing\Pipeline.php(52): Two\TwoApplication\Pipeline->call(Object(Two\Session\Middleware\StartSession), Object(Two\Http\Request), Object(Closure))
#22 E:\npds-php8sql8-factoring-main__kkkk\New_Two_Npds\two-app-main (2)\two-app-main\vendor\nicolas2dev\two-framework\src\Cookie\Middleware\AddQueuedCookiesToResponse.php(40): Two\Routing\Pipeline->Two\Routing\{closure}(Object(Two\Http\Request))
#23 [internal function]: Two\Cookie\Middleware\AddQueuedCookiesToResponse->handle(Object(Two\Http\Request), Object(Closure))
#24 E:\npds-php8sql8-factoring-main__kkkk\New_Two_Npds\two-app-main (2)\two-app-main\vendor\nicolas2dev\two-framework\src\TwoApplication\Pipeline.php(135): call_user_func_array(Array, Array)
#25 E:\npds-php8sql8-factoring-main__kkkk\New_Two_Npds\two-app-main (2)\two-app-main\vendor\nicolas2dev\two-framework\src\Routing\Pipeline.php(52): Two\TwoApplication\Pipeline->call(Object(Two\Cookie\Middleware\AddQueuedCookiesToResponse), Object(Two\Http\Request), Object(Closure))
#26 E:\npds-php8sql8-factoring-main__kkkk\New_Two_Npds\two-app-main (2)\two-app-main\vendor\nicolas2dev\two-framework\src\Cookie\Middleware\EncryptCookies.php(64): Two\Routing\Pipeline->Two\Routing\{closure}(Object(Two\Http\Request))
#27 [internal function]: Two\Cookie\Middleware\EncryptCookies->handle(Object(Two\Http\Request), Object(Closure))
#28 E:\npds-php8sql8-factoring-main__kkkk\New_Two_Npds\two-app-main (2)\two-app-main\vendor\nicolas2dev\two-framework\src\TwoApplication\Pipeline.php(135): call_user_func_array(Array, Array)
#29 E:\npds-php8sql8-factoring-main__kkkk\New_Two_Npds\two-app-main (2)\two-app-main\vendor\nicolas2dev\two-framework\src\Routing\Pipeline.php(52): Two\TwoApplication\Pipeline->call(Object(App\Middleware\EncryptCookies), Object(Two\Http\Request), Object(Closure))
#30 E:\npds-php8sql8-factoring-main__kkkk\New_Two_Npds\two-app-main (2)\two-app-main\app\Middleware\HandleProfiling.php(55): Two\Routing\Pipeline->Two\Routing\{closure}(Object(Two\Http\Request), Object(Closure))
#31 [internal function]: App\Middleware\HandleProfiling->handle(Object(Two\Http\Request), Object(Closure))
#32 E:\npds-php8sql8-factoring-main__kkkk\New_Two_Npds\two-app-main (2)\two-app-main\vendor\nicolas2dev\two-framework\src\TwoApplication\Pipeline.php(135): call_user_func_array(Array, Array)
#33 E:\npds-php8sql8-factoring-main__kkkk\New_Two_Npds\two-app-main (2)\two-app-main\vendor\nicolas2dev\two-framework\src\Routing\Pipeline.php(52): Two\TwoApplication\Pipeline->call(Object(App\Middleware\HandleProfiling), Object(Two\Http\Request), Object(Closure))
#34 [internal function]: Two\Routing\Pipeline->Two\Routing\{closure}(Object(Two\Http\Request))
#35 E:\npds-php8sql8-factoring-main__kkkk\New_Two_Npds\two-app-main (2)\two-app-main\vendor\nicolas2dev\two-framework\src\TwoApplication\Pipeline.php(73): call_user_func(Object(Closure), Object(Two\Http\Request))
#36 E:\npds-php8sql8-factoring-main__kkkk\New_Two_Npds\two-app-main (2)\two-app-main\vendor\nicolas2dev\two-framework\src\Routing\Router.php(676): Two\TwoApplication\Pipeline->handle(Object(Two\Http\Request), Object(Closure))
#37 E:\npds-php8sql8-factoring-main__kkkk\New_Two_Npds\two-app-main (2)\two-app-main\vendor\nicolas2dev\two-framework\src\Routing\Router.php(654): Two\Routing\Router->runRouteWithinStack(Object(Two\Routing\Route), Object(Two\Http\Request))
#38 E:\npds-php8sql8-factoring-main__kkkk\New_Two_Npds\two-app-main (2)\two-app-main\vendor\nicolas2dev\two-framework\src\Routing\Router.php(629): Two\Routing\Router->dispatchToRoute(Object(Two\Http\Request))
#39 E:\npds-php8sql8-factoring-main__kkkk\New_Two_Npds\two-app-main (2)\two-app-main\vendor\nicolas2dev\two-framework\src\TwoApplication\TwoApplication.php(657): Two\Routing\Router->dispatch(Object(Two\Http\Request))
#40 [internal function]: Two\TwoApplication\TwoApplication->Two\TwoApplication\{closure}(Object(Two\Http\Request))
#41 E:\npds-php8sql8-factoring-main__kkkk\New_Two_Npds\two-app-main (2)\two-app-main\vendor\nicolas2dev\two-framework\src\TwoApplication\Pipeline.php(86): call_user_func(Object(Closure), Object(Two\Http\Request))
#42 E:\npds-php8sql8-factoring-main__kkkk\New_Two_Npds\two-app-main (2)\two-app-main\vendor\nicolas2dev\two-framework\src\Routing\Middleware\DispatchAssetFiles.php(42): Two\TwoApplication\Pipeline->Two\TwoApplication\{closure}(Object(Two\Http\Request))
#43 [internal function]: Two\Routing\Middleware\DispatchAssetFiles->handle(Object(Two\Http\Request), Object(Closure))
#44 E:\npds-php8sql8-factoring-main__kkkk\New_Two_Npds\two-app-main (2)\two-app-main\vendor\nicolas2dev\two-framework\src\TwoApplication\Pipeline.php(135): call_user_func_array(Array, Array)
#45 E:\npds-php8sql8-factoring-main__kkkk\New_Two_Npds\two-app-main (2)\two-app-main\vendor\nicolas2dev\two-framework\src\TwoApplication\Pipeline.php(99): Two\TwoApplication\Pipeline->call(Object(Two\Routing\Middleware\DispatchAssetFiles), Object(Two\Http\Request), Object(Closure))
#46 E:\npds-php8sql8-factoring-main__kkkk\New_Two_Npds\two-app-main (2)\two-app-main\vendor\nicolas2dev\two-framework\src\TwoApplication\Middleware\Http\CheckForMaintenanceMode.php(48): Two\TwoApplication\Pipeline->Two\TwoApplication\{closure}(Object(Two\Http\Request))
#47 [internal function]: Two\TwoApplication\Middleware\Http\CheckForMaintenanceMode->handle(Object(Two\Http\Request), Object(Closure))
#48 E:\npds-php8sql8-factoring-main__kkkk\New_Two_Npds\two-app-main (2)\two-app-main\vendor\nicolas2dev\two-framework\src\TwoApplication\Pipeline.php(135): call_user_func_array(Array, Array)
#49 E:\npds-php8sql8-factoring-main__kkkk\New_Two_Npds\two-app-main (2)\two-app-main\vendor\nicolas2dev\two-framework\src\TwoApplication\Pipeline.php(99): Two\TwoApplication\Pipeline->call(Object(Two\TwoApplication\Middleware\Http\CheckForMaintenanceMode), Object(Two\Http\Request), Object(Closure))
#50 [internal function]: Two\TwoApplication\Pipeline->Two\TwoApplication\{closure}(Object(Two\Http\Request))
#51 E:\npds-php8sql8-factoring-main__kkkk\New_Two_Npds\two-app-main (2)\two-app-main\vendor\nicolas2dev\two-framework\src\TwoApplication\Pipeline.php(73): call_user_func(Object(Closure), Object(Two\Http\Request))
#52 E:\npds-php8sql8-factoring-main__kkkk\New_Two_Npds\two-app-main (2)\two-app-main\vendor\nicolas2dev\two-framework\src\TwoApplication\TwoApplication.php(653): Two\TwoApplication\Pipeline->handle(Object(Two\Http\Request), Object(Closure))
#53 E:\npds-php8sql8-factoring-main__kkkk\New_Two_Npds\two-app-main (2)\two-app-main\vendor\nicolas2dev\two-framework\src\TwoApplication\TwoApplication.php(622): Two\TwoApplication\TwoApplication->sendRequestThroughRouter(Object(Two\Http\Request))
#54 E:\npds-php8sql8-factoring-main__kkkk\New_Two_Npds\two-app-main (2)\two-app-main\webroot\index.php(39): Two\TwoApplication\TwoApplication->run()
#55 E:\npds-php8sql8-factoring-main__kkkk\New_Two_Npds\two-app-main (2)\two-app-main\server.php(22): require_once('E:\\npds-php8sql...')
#56 {main}  
[2024-05-14T23:42:33.180962+02:00] Two.ERROR: ReflectionException: Class "Two\Foundation\Application" does not exist in E:\npds-php8sql8-factoring-main__kkkk\New_Two_Npds\two-app-main (2)\two-app-main\vendor\nicolas2dev\two-framework\src\Container\Container.php:634
Stack trace:
#0 E:\npds-php8sql8-factoring-main__kkkk\New_Two_Npds\two-app-main (2)\two-app-main\vendor\nicolas2dev\two-framework\src\Container\Container.php(634): ReflectionClass->__construct('Two\\Foundation\\...')
#1 E:\npds-php8sql8-factoring-main__kkkk\New_Two_Npds\two-app-main (2)\two-app-main\vendor\nicolas2dev\two-framework\src\Container\Container.php(564): Two\Container\Container->build('Two\\Foundation\\...', Array)
#2 E:\npds-php8sql8-factoring-main__kkkk\New_Two_Npds\two-app-main (2)\two-app-main\vendor\nicolas2dev\two-framework\src\TwoApplication\TwoApplication.php(462): Two\Container\Container->make('Two\\Foundation\\...', Array)
#3 E:\npds-php8sql8-factoring-main__kkkk\New_Two_Npds\two-app-main (2)\two-app-main\vendor\nicolas2dev\two-framework\src\Container\Container.php(730): Two\TwoApplication\TwoApplication->make('Two\\Foundation\\...')
#4 E:\npds-php8sql8-factoring-main__kkkk\New_Two_Npds\two-app-main (2)\two-app-main\vendor\nicolas2dev\two-framework\src\Container\Container.php(693): Two\Container\Container->resolveClass(Object(ReflectionParameter))
#5 E:\npds-php8sql8-factoring-main__kkkk\New_Two_Npds\two-app-main (2)\two-app-main\vendor\nicolas2dev\two-framework\src\Container\Container.php(663): Two\Container\Container->getDependencies(Array, Array)
#6 E:\npds-php8sql8-factoring-main__kkkk\New_Two_Npds\two-app-main (2)\two-app-main\vendor\nicolas2dev\two-framework\src\Container\Container.php(564): Two\Container\Container->build('App\\Middleware\\...', Array)
#7 E:\npds-php8sql8-factoring-main__kkkk\New_Two_Npds\two-app-main (2)\two-app-main\vendor\nicolas2dev\two-framework\src\TwoApplication\TwoApplication.php(462): Two\Container\Container->make('App\\Middleware\\...', Array)
#8 E:\npds-php8sql8-factoring-main__kkkk\New_Two_Npds\two-app-main (2)\two-app-main\vendor\nicolas2dev\two-framework\src\TwoApplication\TwoApplication.php(682): Two\TwoApplication\TwoApplication->make('App\\Middleware\\...')
#9 E:\npds-php8sql8-factoring-main__kkkk\New_Two_Npds\two-app-main (2)\two-app-main\vendor\nicolas2dev\two-framework\src\TwoApplication\TwoApplication.php(633): Two\TwoApplication\TwoApplication->shutdown(Object(Two\Http\Request), Object(Two\Http\Response))
#10 E:\npds-php8sql8-factoring-main__kkkk\New_Two_Npds\two-app-main (2)\two-app-main\webroot\index.php(39): Two\TwoApplication\TwoApplication->run()
#11 E:\npds-php8sql8-factoring-main__kkkk\New_Two_Npds\two-app-main (2)\two-app-main\server.php(22): require_once('E:\\npds-php8sql...')
#12 {main}  
